<?xml version="1.0" encoding="UTF-8"?>
<!-- Generated by org.testng.reporters.JUnitReportReporter -->
<testsuite skipped="0" hostname="Sureshs-iMac" name="com.suresh.selenium.SeleniumTest" tests="2" failures="0" timestamp="2020-04-14T14:13:08 EDT" time="0.010" errors="0">
  <testcase name="loginTest" time="0.001" classname="com.suresh.selenium.SeleniumTest"/>
  <testcase name="homePageTest" time="0.009" classname="com.suresh.selenium.SeleniumTest"/>
</testsuite> <!-- com.suresh.selenium.SeleniumTest -->
