<?xml version="1.0" encoding="UTF-8"?>
<!-- Generated by org.testng.reporters.JUnitReportReporter -->
<testsuite skipped="0" hostname="Sureshs-iMac" name="com.suresh.selenium.AppiumTest" tests="2" failures="0" timestamp="2020-04-14T14:02:49 EDT" time="0.011" errors="0">
  <testcase name="homePageTest" time="0.010" classname="com.suresh.selenium.AppiumTest"/>
  <testcase name="loginTest" time="0.001" classname="com.suresh.selenium.AppiumTest"/>
</testsuite> <!-- com.suresh.selenium.AppiumTest -->
