<?xml version="1.0" encoding="UTF-8"?>
<!-- Generated by org.testng.reporters.JUnitReportReporter -->
<testsuite skipped="0" hostname="Sureshs-iMac" name="org.test.base.TestBase" tests="1" failures="0" timestamp="2020-04-17T17:42:13 EDT" time="0.593" errors="0">
  <testcase name="readWorkBookData" time="0.593" classname="org.test.base.TestBase"/>
</testsuite> <!-- org.test.base.TestBase -->
