<?xml version="1.0" encoding="UTF-8"?>
<!-- Generated by org.testng.reporters.JUnitReportReporter -->
<testsuite skipped="0" hostname="Sureshs-iMac" name="properties.Property" tests="1" failures="0" timestamp="2020-04-19T16:34:22 EDT" time="0.011" errors="0">
  <testcase name="getProperty" time="0.011" classname="properties.Property"/>
</testsuite> <!-- properties.Property -->
