<?xml version="1.0" encoding="UTF-8"?>
<!-- Generated by org.testng.reporters.JUnitReportReporter -->
<testsuite skipped="0" hostname="Sureshs-iMac" name="TestCases.BasicCRUDUsingTestConfig" tests="2" failures="0" timestamp="2020-04-22T15:49:21 EDT" time="2.725" errors="0">
  <testcase name="getCompetitions" time="2.132" classname="TestCases.BasicCRUDUsingTestConfig"/>
  <testcase name="getCompetitionsSimplified" time="0.593" classname="TestCases.BasicCRUDUsingTestConfig"/>
</testsuite> <!-- TestCases.BasicCRUDUsingTestConfig -->
