<?xml version="1.0" encoding="UTF-8"?>
<!-- Generated by org.testng.reporters.JUnitReportReporter -->
<testsuite skipped="0" hostname="Sureshs-iMac" name="library.RSAPIUtil" tests="1" failures="0" timestamp="2020-04-22T16:56:05 EDT" time="3.526" errors="0">
  <testcase name="addPlace" time="3.526" classname="library.RSAPIUtil"/>
</testsuite> <!-- library.RSAPIUtil -->
