<?xml version="1.0" encoding="UTF-8"?>
<!-- Generated by org.testng.reporters.JUnitReportReporter -->
<testsuite skipped="0" hostname="Sureshs-iMac" name="TestCases.BasicCRUD" tests="1" failures="0" timestamp="2020-04-22T18:48:17 EDT" time="2.444" errors="0">
  <testcase name="getCompetition" time="2.444" classname="TestCases.BasicCRUD"/>
</testsuite> <!-- TestCases.BasicCRUD -->
