<?xml version="1.0" encoding="UTF-8"?>
<!-- Generated by org.testng.reporters.JUnitReportReporter -->
<testsuite skipped="0" hostname="Sureshs-iMac" name="TestCases.RSAPITest" tests="5" failures="0" timestamp="2020-04-22T18:48:17 EDT" time="9.481" errors="0">
  <testcase name="deletePlaceUsingDynamicPlaceID" time="1.535" classname="TestCases.RSAPITest"/>
  <testcase name="getDynamicPlaceID" time="3.479" classname="TestCases.RSAPITest"/>
  <testcase name="changePlaceUsingDyamicPlaceID" time="1.460" classname="TestCases.RSAPITest"/>
  <testcase name="addPlace" time="1.500" classname="TestCases.RSAPITest"/>
  <testcase name="getPlaceUsingDEFAULTPlaceID" time="1.507" classname="TestCases.RSAPITest"/>
</testsuite> <!-- TestCases.RSAPITest -->
