<?xml version="1.0" encoding="UTF-8"?>
<!-- Generated by org.testng.reporters.JUnitReportReporter -->
<testsuite skipped="0" hostname="Sureshs-iMac" name="parameteratxmlfilelevel.HomeLoanTestCases" tests="4" failures="0" timestamp="2020-04-13T17:37:59 EDT" time="0.003" errors="0">
  <testcase name="webLoginTest" time="0.001" classname="parameteratxmlfilelevel.HomeLoanTestCases"/>
  <testcase name="paramterTest" time="0.001" classname="parameteratxmlfilelevel.HomeLoanTestCases"/>
  <testcase name="RestLoginTest" time="0.000" classname="parameteratxmlfilelevel.HomeLoanTestCases"/>
  <testcase name="mobileLoginTest" time="0.001" classname="parameteratxmlfilelevel.HomeLoanTestCases"/>
</testsuite> <!-- parameteratxmlfilelevel.HomeLoanTestCases -->
