<?xml version="1.0" encoding="UTF-8"?>
<!-- Generated by org.testng.reporters.JUnitReportReporter -->
<testsuite skipped="0" hostname="Sureshs-iMac" name="grouping.PersonalLoanTestCases" tests="2" failures="0" timestamp="2020-04-13T16:34:49 EDT" time="0.002" errors="0">
  <testcase name="mobileLoginTest" time="0.001" classname="grouping.PersonalLoanTestCases"/>
  <testcase name="webLoginTest" time="0.001" classname="grouping.PersonalLoanTestCases"/>
</testsuite> <!-- grouping.PersonalLoanTestCases -->
