<?xml version="1.0" encoding="UTF-8"?>
<!-- Generated by org.testng.reporters.JUnitReportReporter -->
<testsuite skipped="0" hostname="Sureshs-iMac" name="testnghelpers.CarLoanTestCases" tests="5" failures="0" timestamp="2020-04-13T16:58:43 EDT" time="2.013" errors="1">
  <testcase name="RestLoginTest" time="0.004" classname="testnghelpers.CarLoanTestCases"/>
  <testcase name="webLoginTest" time="0.001" classname="testnghelpers.CarLoanTestCases"/>
  <testcase name="zTimeOutExample" time="2.006" classname="testnghelpers.CarLoanTestCases">
    <error type="org.testng.internal.thread.ThreadTimeoutException" message="Method testnghelpers.CarLoanTestCases.zTimeOutExample() didn&#039;t finish within the time-out 2000">
      <![CDATA[org.testng.internal.thread.ThreadTimeoutException: Method testnghelpers.CarLoanTestCases.zTimeOutExample() didn't finish within the time-out 2000
at java.util.concurrent.ThreadPoolExecutor.processWorkerExit(ThreadPoolExecutor.java:1008)
at java.util.concurrent.ThreadPoolExecutor.runWorker(ThreadPoolExecutor.java:1167)
at java.util.concurrent.ThreadPoolExecutor$Worker.run(ThreadPoolExecutor.java:624)
at java.lang.Thread.run(Thread.java:748)
]]>
    </error>
  </testcase> <!-- zTimeOutExample -->
  <testcase name="enabledExample" time="0.001" classname="testnghelpers.CarLoanTestCases"/>
  <testcase name="mobileLoginTest" time="0.001" classname="testnghelpers.CarLoanTestCases"/>
</testsuite> <!-- testnghelpers.CarLoanTestCases -->
