<?xml version="1.0" encoding="UTF-8"?>
<!-- Generated by org.testng.reporters.JUnitReportReporter -->
<testsuite skipped="0" hostname="Sureshs-iMac" name="dataprovider.HomeLoanTestCases" tests="4" failures="0" timestamp="2020-04-13T18:04:56 EDT" time="0.002" errors="0">
  <testcase name="webLoginTest" time="0.000" classname="dataprovider.HomeLoanTestCases"/>
  <testcase name="paramterTest" time="0.001" classname="dataprovider.HomeLoanTestCases"/>
  <testcase name="RestLoginTest" time="0.000" classname="dataprovider.HomeLoanTestCases"/>
  <testcase name="mobileLoginTest" time="0.001" classname="dataprovider.HomeLoanTestCases"/>
</testsuite> <!-- dataprovider.HomeLoanTestCases -->
