<?xml version="1.0" encoding="UTF-8"?>
<!-- Generated by org.testng.reporters.JUnitReportReporter -->
<testsuite skipped="0" hostname="Sureshs-iMac" name="dataprovider.HomeLoanWithDataProvider" tests="6" failures="0" timestamp="2020-04-13T18:04:56 EDT" time="0.006" errors="0">
  <testcase name="RestLoginTest" time="0.000" classname="dataprovider.HomeLoanWithDataProvider"/>
  <testcase name="mobileLoginTest" time="0.001" classname="dataprovider.HomeLoanWithDataProvider"/>
  <testcase name="paramterTest" time="0.002" classname="dataprovider.HomeLoanWithDataProvider"/>
  <testcase name="RestLoginTest" time="0.001" classname="dataprovider.HomeLoanWithDataProvider"/>
  <testcase name="webLoginTest" time="0.001" classname="dataprovider.HomeLoanWithDataProvider"/>
  <testcase name="RestLoginTest" time="0.001" classname="dataprovider.HomeLoanWithDataProvider"/>
</testsuite> <!-- dataprovider.HomeLoanWithDataProvider -->
