<?xml version="1.0" encoding="UTF-8"?>
<!-- Generated by org.testng.reporters.JUnitReportReporter -->
<testsuite skipped="0" hostname="Sureshs-iMac" name="grouping.HomeLoanTestCases" tests="2" failures="0" timestamp="2020-04-13T16:34:33 EDT" time="0.003" errors="0">
  <testcase name="mobileLoginTest" time="0.002" classname="grouping.HomeLoanTestCases"/>
  <testcase name="webLoginTest" time="0.001" classname="grouping.HomeLoanTestCases"/>
</testsuite> <!-- grouping.HomeLoanTestCases -->
