<?xml version="1.0" encoding="UTF-8"?>
<!-- Generated by org.testng.reporters.JUnitReportReporter -->
<testsuite skipped="0" hostname="Sureshs-iMac" name="dataprovider.CarLoanTestCases" tests="5" failures="0" timestamp="2020-04-13T18:04:56 EDT" time="0.018" errors="0">
  <testcase name="webLoginTest" time="0.002" classname="dataprovider.CarLoanTestCases"/>
  <testcase name="enabledExample" time="0.002" classname="dataprovider.CarLoanTestCases"/>
  <testcase name="zTimeOutExample" time="0.006" classname="dataprovider.CarLoanTestCases"/>
  <testcase name="RestLoginTest" time="0.006" classname="dataprovider.CarLoanTestCases"/>
  <testcase name="mobileLoginTest" time="0.002" classname="dataprovider.CarLoanTestCases"/>
</testsuite> <!-- dataprovider.CarLoanTestCases -->
