<?xml version="1.0" encoding="UTF-8"?>
<!-- Generated by org.testng.reporters.JUnitReportReporter -->
<testsuite skipped="0" hostname="Sureshs-iMac" name="annotations.PersonalLoanTestCases" tests="3" failures="0" timestamp="2020-04-13T16:29:56 EDT" time="0.006" errors="0">
  <testcase name="webLoginTest" time="0.003" classname="annotations.PersonalLoanTestCases"/>
  <testcase name="RestLoginTest" time="0.002" classname="annotations.PersonalLoanTestCases"/>
  <testcase name="mobileLoginTest" time="0.001" classname="annotations.PersonalLoanTestCases"/>
</testsuite> <!-- annotations.PersonalLoanTestCases -->
