<?xml version="1.0" encoding="UTF-8"?>
<!-- Generated by org.testng.reporters.JUnitReportReporter -->
<testsuite skipped="0" hostname="Sureshs-iMac" name="firstTest" tests="1" failures="0" timestamp="2020-04-13T14:29:51 EDT" time="0.013" errors="0">
  <testcase name="Test1" time="0.013" classname="firstTest"/>
</testsuite> <!-- firstTest -->
