<?xml version="1.0" encoding="UTF-8"?>
<!-- Generated by org.testng.reporters.JUnitReportReporter -->
<testsuite skipped="0" hostname="Sureshs-iMac" name="testcases.firstTest" tests="1" failures="0" timestamp="2020-04-13T15:00:56 EDT" time="0.010" errors="0">
  <testcase name="Test1" time="0.010" classname="testcases.firstTest"/>
</testsuite> <!-- testcases.firstTest -->
