<?xml version="1.0" encoding="UTF-8"?>
<!-- Generated by org.testng.reporters.JUnitReportReporter -->
<testsuite skipped="0" hostname="Sureshs-iMac" name="grouping.CarLoanTestCases" tests="1" failures="0" timestamp="2020-04-13T16:34:49 EDT" time="0.013" errors="0">
  <testcase name="webLoginTest" time="0.013" classname="grouping.CarLoanTestCases"/>
</testsuite> <!-- grouping.CarLoanTestCases -->
