<?xml version="1.0" encoding="UTF-8"?>
<!-- Generated by org.testng.reporters.JUnitReportReporter -->
<testsuite skipped="0" hostname="Sureshs-iMac" name="listners.HomeLoanWithDataProvider" tests="6" failures="0" timestamp="2020-04-13T18:53:45 EDT" time="0.005" errors="0">
  <testcase name="paramterTest" time="0.002" classname="listners.HomeLoanWithDataProvider"/>
  <testcase name="RestLoginTest" time="0.000" classname="listners.HomeLoanWithDataProvider"/>
  <testcase name="RestLoginTest" time="0.001" classname="listners.HomeLoanWithDataProvider"/>
  <testcase name="RestLoginTest" time="0.001" classname="listners.HomeLoanWithDataProvider"/>
  <testcase name="mobileLoginTest" time="0.000" classname="listners.HomeLoanWithDataProvider"/>
  <testcase name="webLoginTest" time="0.001" classname="listners.HomeLoanWithDataProvider"/>
</testsuite> <!-- listners.HomeLoanWithDataProvider -->
