<?xml version="1.0" encoding="UTF-8"?>
<!-- Generated by org.testng.reporters.JUnitReportReporter -->
<testsuite skipped="0" hostname="Sureshs-iMac" name="listners.HomeLoanTestCases" tests="4" failures="0" timestamp="2020-04-13T18:46:02 EDT" time="0.003" errors="0">
  <testcase name="mobileLoginTest" time="0.001" classname="listners.HomeLoanTestCases"/>
  <testcase name="webLoginTest" time="0.000" classname="listners.HomeLoanTestCases"/>
  <testcase name="RestLoginTest" time="0.001" classname="listners.HomeLoanTestCases"/>
  <testcase name="paramterTest" time="0.001" classname="listners.HomeLoanTestCases"/>
</testsuite> <!-- listners.HomeLoanTestCases -->
