<?xml version="1.0" encoding="UTF-8"?>
<!-- Generated by org.testng.reporters.JUnitReportReporter -->
<testsuite skipped="0" hostname="Sureshs-iMac" name="parameteratxmlfilelevel.PersonalLoanTestCases" tests="3" failures="0" timestamp="2020-04-13T17:29:32 EDT" time="0.009" errors="0">
  <testcase name="RestLoginTest" time="0.003" classname="parameteratxmlfilelevel.PersonalLoanTestCases"/>
  <testcase name="mobileLoginTest" time="0.004" classname="parameteratxmlfilelevel.PersonalLoanTestCases"/>
  <testcase name="webLoginTest" time="0.002" classname="parameteratxmlfilelevel.PersonalLoanTestCases"/>
</testsuite> <!-- parameteratxmlfilelevel.PersonalLoanTestCases -->
