<?xml version="1.0" encoding="UTF-8"?>
<!-- Generated by org.testng.reporters.JUnitReportReporter -->
<testsuite skipped="0" hostname="Sureshs-iMac" name="testcases.FlightAutomation" tests="1" failures="0" timestamp="2020-04-13T20:42:59 EDT" time="9.284" errors="0">
  <testcase name="Login" time="9.284" classname="testcases.FlightAutomation"/>
</testsuite> <!-- testcases.FlightAutomation -->
