<?xml version="1.0" encoding="UTF-8"?>
<!-- Generated by org.testng.reporters.JUnitReportReporter -->
<testsuite skipped="0" hostname="Sureshs-iMac" name="com.suresh.selenium.SeleniumTest" tests="2" failures="0" timestamp="2020-04-17T16:58:43 EDT" time="0.001" errors="0">
  <testcase name="homePageTest" time="0.000" classname="com.suresh.selenium.SeleniumTest"/>
  <testcase name="loginTest" time="0.001" classname="com.suresh.selenium.SeleniumTest"/>
</testsuite> <!-- com.suresh.selenium.SeleniumTest -->
